[1m[33m[33m▲ [43;33m[[43;30mWARNING[43;33m][0m [1mTS-998113: InputGroupComponent is not used within the template of DependencyEditorComponent[0m [1m[35m[plugin angular-compiler][0m

    src/app/admin/dependency-editor.component.ts:10:39:
[37m      10 │   imports: [CommonModule, FormsModule, [32mInputGroupComponent[37m],
         ╵                                        [32m~~~~~~~~~~~~~~~~~~~[0m


[33m▲ [43;33m[[43;30mWARNING[43;33m][0m [1mTS-998113: InputGroupComponent is not used within the template of QuestionnaireEditorComponent[0m [1m[35m[plugin angular-compiler][0m

    src/app/admin/questionnaire-editor.component.ts:22:39:
[37m      22 │ ...nModule, FormsModule, [32mInputGroupComponent[37m, DependencyEditorComp...
         ╵                          [32m~~~~~~~~~~~~~~~~~~~[0m


[33m▲ [43;33m[[43;30mWARNING[43;33m][0m [1mTS-998113: DependencyEditorComponent is not used within the template of QuestionnaireEditorComponent[0m [1m[35m[plugin angular-compiler][0m

    src/app/admin/questionnaire-editor.component.ts:22:60:
[37m      22 │ ...ule, FormsModule, InputGroupComponent, [32mDependencyEditorComponent[37m],
         ╵                                           [32m~~~~~~~~~~~~~~~~~~~~~~~~~[0m


[33m▲ [43;33m[[43;30mWARNING[43;33m][0m [1mNG8103: The `*ngIf` directive was used in the template, but neither the `NgIf` directive nor the `CommonModule` was imported. Use Angular's built-in control flow @if or make sure that either the `NgIf` directive or the `CommonModule` is included in the `@Component.imports` array of this component.[0m [1m[35m[plugin angular-compiler][0m

    src/app/kebormed-core/input-group.component.ts:8:14:
[37m      8 │       <label *[32mngIf[37m="label" [for]="for">{{ label }}</label>
        ╵               [32m~~~~[0m

[39m[22m
[1m[31m[31m✘ [41;31m[[41;97mERROR[41;31m][0m [1mNG5002: Unclosed block "if"[0m [1m[35m[plugin angular-compiler][0m

    src/app/admin/dependency-editor.component.html:34:2:
[37m      34 │   [32m@if (editingDep() as edep) {[37m
         ╵   [32m~~~~~~~~~~~~~~~~~~~~~~~~~~~~[0m

  Error occurs in the template of component DependencyEditorComponent.

    src/app/admin/dependency-editor.component.ts:11:15:
[37m      11 │   templateUrl: [32m'./dependency-editor.component.html'[37m,
         ╵                [32m~~~~~~~~~~~~~~~~~~~~~~~~~~~~~~~~~~~~[0m


[31m✘ [41;31m[[41;97mERROR[41;31m][0m [1mNG5002: Invalid ICU message. Missing '}'.[0m [1m[35m[plugin angular-compiler][0m

    src/app/admin/dependency-editor.component.html:93:0:
[37m      93 │ [32m[37m
         ╵ [32m^[0m

  Error occurs in the template of component DependencyEditorComponent.

    src/app/admin/dependency-editor.component.ts:11:15:
[37m      11 │   templateUrl: [32m'./dependency-editor.component.html'[37m,
         ╵                [32m~~~~~~~~~~~~~~~~~~~~~~~~~~~~~~~~~~~~[0m


[31m✘ [41;31m[[41;97mERROR[41;31m][0m [1mNG5002: Unexpected character "EOF" (Do you have an unescaped "{" in your template? Use "{{ '{' }}") to escape it.)[0m [1m[35m[plugin angular-compiler][0m

    src/app/admin/dependency-editor.component.html:93:0:
[37m      93 │ [32m[37m
         ╵ [32m^[0m

  Error occurs in the template of component DependencyEditorComponent.

    src/app/admin/dependency-editor.component.ts:11:15:
[37m      11 │   templateUrl: [32m'./dependency-editor.component.html'[37m,
         ╵                [32m~~~~~~~~~~~~~~~~~~~~~~~~~~~~~~~~~~~~[0m


[31m✘ [41;31m[[41;97mERROR[41;31m][0m [1mNG5002: Unknown "let" parameter variable "index". The allowed variables are: $index, $first, $last, $even, $odd, $count[0m [1m[35m[plugin angular-compiler][0m

    src/app/admin/question-editor.component.html:46:44:
[37m      46 │         @for (opt of q.answerOptions || []; [32mlet i = index[37m; track i) {
         ╵                                             [32m~~~~~~~~~~~~~[0m

  Error occurs in the template of component QuestionEditorComponent.

    src/app/admin/question-editor.component.ts:22:15:
[37m      22 │   templateUrl: [32m'./question-editor.component.html'[37m,
         ╵                [32m~~~~~~~~~~~~~~~~~~~~~~~~~~~~~~~~~~[0m


[31m✘ [41;31m[[41;97mERROR[41;31m][0m [1mNG9: Property 'i' does not exist on type 'QuestionEditorComponent'.[0m [1m[35m[plugin angular-compiler][0m

    src/app/admin/question-editor.component.html:46:65:
[37m      46 │         @for (opt of q.answerOptions || []; let i = index; track [32mi[37m) {
         ╵                                                                  [32m^[0m

  Error occurs in the template of component QuestionEditorComponent.

    src/app/admin/question-editor.component.ts:22:15:
[37m      22 │   templateUrl: [32m'./question-editor.component.html'[37m,
         ╵                [32m~~~~~~~~~~~~~~~~~~~~~~~~~~~~~~~~~~[0m


[31m✘ [41;31m[[41;97mERROR[41;31m][0m [1mNG9: Property 'i' does not exist on type 'QuestionEditorComponent'.[0m [1m[35m[plugin angular-compiler][0m

    src/app/admin/question-editor.component.html:48:54:
[37m      48 │             <input [(ngModel)]="opt.label" name="opt{{[32mi[37m}}" />
         ╵                                                       [32m^[0m

  Error occurs in the template of component QuestionEditorComponent.

    src/app/admin/question-editor.component.ts:22:15:
[37m      22 │   templateUrl: [32m'./question-editor.component.html'[37m,
         ╵                [32m~~~~~~~~~~~~~~~~~~~~~~~~~~~~~~~~~~[0m


[31m✘ [41;31m[[41;97mERROR[41;31m][0m [1mNG9: Property 'i' does not exist on type 'QuestionEditorComponent'.[0m [1m[35m[plugin angular-compiler][0m

    src/app/admin/question-editor.component.html:49:67:
[37m      49 │ ...pe="button" (click)="q.answerOptions!.splice([32mi[37m,1)">Remove</button>
         ╵                                                 [32m^[0m

  Error occurs in the template of component QuestionEditorComponent.

    src/app/admin/question-editor.component.ts:22:15:
[37m      22 │   templateUrl: [32m'./question-editor.component.html'[37m,
         ╵                [32m~~~~~~~~~~~~~~~~~~~~~~~~~~~~~~~~~~[0m


[31m✘ [41;31m[[41;97mERROR[41;31m][0m [1mNG5002: Unclosed block "if"[0m [1m[35m[plugin angular-compiler][0m

    src/app/admin/questionnaire-editor.component.html:24:2:
[37m      24 │   [32m@if (editingQuestion() as eq) {[37m
         ╵   [32m~~~~~~~~~~~~~~~~~~~~~~~~~~~~~~~[0m

  Error occurs in the template of component QuestionnaireEditorComponent.

    src/app/admin/questionnaire-editor.component.ts:23:15:
[37m      23 │   templateUrl: [32m'./questionnaire-editor.component.html'[37m,
         ╵                [32m~~~~~~~~~~~~~~~~~~~~~~~~~~~~~~~~~~~~~~~[0m


[31m✘ [41;31m[[41;97mERROR[41;31m][0m [1mNG5002: Invalid ICU message. Missing '}'.[0m [1m[35m[plugin angular-compiler][0m

    src/app/admin/questionnaire-editor.component.html:132:0:
[37m      132 │ [32m[37m
          ╵ [32m^[0m

  Error occurs in the template of component QuestionnaireEditorComponent.

    src/app/admin/questionnaire-editor.component.ts:23:15:
[37m      23 │   templateUrl: [32m'./questionnaire-editor.component.html'[37m,
         ╵                [32m~~~~~~~~~~~~~~~~~~~~~~~~~~~~~~~~~~~~~~~[0m


[31m✘ [41;31m[[41;97mERROR[41;31m][0m [1mNG5002: Unexpected character "EOF" (Do you have an unescaped "{" in your template? Use "{{ '{' }}") to escape it.)[0m [1m[35m[plugin angular-compiler][0m

    src/app/admin/questionnaire-editor.component.html:132:0:
[37m      132 │ [32m[37m
          ╵ [32m^[0m

  Error occurs in the template of component QuestionnaireEditorComponent.

    src/app/admin/questionnaire-editor.component.ts:23:15:
[37m      23 │   templateUrl: [32m'./questionnaire-editor.component.html'[37m,
         ╵                [32m~~~~~~~~~~~~~~~~~~~~~~~~~~~~~~~~~~~~~~~[0m


[31m✘ [41;31m[[41;97mERROR[41;31m][0m [1mNG5002: Parser Error: Bindings cannot contain assignments at column 50 in [value && !(question.answerOptions || []).some(o => o.label === value) ? value : ''] in /Users/ciprianiuga/dev/sandbox/survey/src/app/applicant/question-renderer.component.html@37:19[0m [1m[35m[plugin angular-compiler][0m

    src/app/applicant/question-renderer.component.html:38:19:
[37m      38 │ ... [value]="[32mvalue && !(question.answerOptions || []).some(o => o.[37m...
         ╵              [32m~~~~~~~~~~~~~~~~~~~~~~~~~~~~~~~~~~~~~~~~~~~~~~~~~~~~~[0m

  Error occurs in the template of component QuestionRendererComponent.

    src/app/applicant/question-renderer.component.ts:11:15:
[37m      11 │   templateUrl: [32m'./question-renderer.component.html'[37m,
         ╵                [32m~~~~~~~~~~~~~~~~~~~~~~~~~~~~~~~~~~~~[0m


[31m✘ [41;31m[[41;97mERROR[41;31m][0m [1mNG5: Argument of type 'undefined' is not assignable to parameter of type '(value: { label: string; }, index: number, array: { label: string; }[]) => unknown'.[0m [1m[35m[plugin angular-compiler][0m

    src/app/applicant/question-renderer.component.html:38:65:
[37m      38 │ ...on.answerOptions || []).some([32mo => o.label === value[37m) ? value : ''"
         ╵                                 [32m~~~~~~~~~~~~~~~~~~~~~~[0m

  Error occurs in the template of component QuestionRendererComponent.

    src/app/applicant/question-renderer.component.ts:11:15:
[37m      11 │   templateUrl: [32m'./question-renderer.component.html'[37m,
         ╵                [32m~~~~~~~~~~~~~~~~~~~~~~~~~~~~~~~~~~~~[0m


[31m✘ [41;31m[[41;97mERROR[41;31m][0m [1mNG5002: Parser Error: Bindings cannot contain assignments at column 50 in [value && !(question.answerOptions || []).some(o => o.label === value) ? value : ''] in /Users/ciprianiuga/dev/sandbox/survey/src/app/applicant/question-renderer.component.html@37:19[0m [1m[35m[plugin angular-compiler][0m

    src/app/applicant/question-renderer.component.html:39:19:
[37m      39 │           (input)="[32monTextInput($event)[37m"
         ╵                    [32m~~~~~~~~~~~~~~~~~~~[0m

  Error occurs in the template of component QuestionRendererComponent.

    src/app/applicant/question-renderer.component.ts:11:15:
[37m      11 │   templateUrl: [32m'./question-renderer.component.html'[37m,
         ╵                [32m~~~~~~~~~~~~~~~~~~~~~~~~~~~~~~~~~~~~[0m


[31m✘ [41;31m[[41;97mERROR[41;31m][0m [1mNG5002: Parser Error: Bindings cannot contain assignments at column 50 in [value && !(question.answerOptions || []).some(o => o.label === value) ? value : ''] in /Users/ciprianiuga/dev/sandbox/survey/src/app/applicant/question-renderer.component.html@37:19[0m [1m[35m[plugin angular-compiler][0m

    src/app/applicant/question-renderer.component.html:40:28:
[37m      40 │           [attr.minLength]="[32mquestion.manualEntryMinLength[37m"
         ╵                             [32m~~~~~~~~~~~~~~~~~~~~~~~~~~~~~[0m

  Error occurs in the template of component QuestionRendererComponent.

    src/app/applicant/question-renderer.component.ts:11:15:
[37m      11 │   templateUrl: [32m'./question-renderer.component.html'[37m,
         ╵                [32m~~~~~~~~~~~~~~~~~~~~~~~~~~~~~~~~~~~~[0m


[31m✘ [41;31m[[41;97mERROR[41;31m][0m [1mNG5002: Parser Error: Bindings cannot contain assignments at column 50 in [value && !(question.answerOptions || []).some(o => o.label === value) ? value : ''] in /Users/ciprianiuga/dev/sandbox/survey/src/app/applicant/question-renderer.component.html@37:19[0m [1m[35m[plugin angular-compiler][0m

    src/app/applicant/question-renderer.component.html:41:28:
[37m      41 │           [attr.maxLength]="[32mquestion.manualEntryMaxLength[37m" />
         ╵                             [32m~~~~~~~~~~~~~~~~~~~~~~~~~~~~~[0m

  Error occurs in the template of component QuestionRendererComponent.

    src/app/applicant/question-renderer.component.ts:11:15:
[37m      11 │   templateUrl: [32m'./question-renderer.component.html'[37m,
         ╵                [32m~~~~~~~~~~~~~~~~~~~~~~~~~~~~~~~~~~~~[0m


[31m✘ [41;31m[[41;97mERROR[41;31m][0m [1mNG5002: Parser Error: Bindings cannot contain assignments at column 50 in [value && !(question.answerOptions || []).some(o => o.label === value) ? value : ''] in /Users/ciprianiuga/dev/sandbox/survey/src/app/applicant/question-renderer.component.html@37:19[0m [1m[35m[plugin angular-compiler][0m

    src/app/applicant/question-renderer.component.html:44:11:
[37m      44 │     @case ([32m'multiple_choice'[37m) {
         ╵            [32m~~~~~~~~~~~~~~~~~[0m

  Error occurs in the template of component QuestionRendererComponent.

    src/app/applicant/question-renderer.component.ts:11:15:
[37m      11 │   templateUrl: [32m'./question-renderer.component.html'[37m,
         ╵                [32m~~~~~~~~~~~~~~~~~~~~~~~~~~~~~~~~~~~~[0m


[31m✘ [41;31m[[41;97mERROR[41;31m][0m [1mNG5002: Parser Error: Bindings cannot contain assignments at column 50 in [value && !(question.answerOptions || []).some(o => o.label === value) ? value : ''] in /Users/ciprianiuga/dev/sandbox/survey/src/app/applicant/question-renderer.component.html@37:19[0m [1m[35m[plugin angular-compiler][0m

    src/app/applicant/question-renderer.component.html:45:12:
[37m      45 │       @for ([32mopt of question.answerOptions || [][37m; track opt.label) {
         ╵             [32m~~~~~~~~~~~~~~~~~~~~~~~~~~~~~~~~~~~[0m

  Error occurs in the template of component QuestionRendererComponent.

    src/app/applicant/question-renderer.component.ts:11:15:
[37m      11 │   templateUrl: [32m'./question-renderer.component.html'[37m,
         ╵                [32m~~~~~~~~~~~~~~~~~~~~~~~~~~~~~~~~~~~~[0m


[31m✘ [41;31m[[41;97mERROR[41;31m][0m [1mNG5002: Parser Error: Bindings cannot contain assignments at column 50 in [value && !(question.answerOptions || []).some(o => o.label === value) ? value : ''] in /Users/ciprianiuga/dev/sandbox/survey/src/app/applicant/question-renderer.component.html@37:19[0m [1m[35m[plugin angular-compiler][0m

    src/app/applicant/question-renderer.component.html:45:49:
[37m      45 │       @for (opt of question.answerOptions || []; [32mtrack opt.label[37m) {
         ╵                                                  [32m~~~~~~~~~~~~~~~[0m

  Error occurs in the template of component QuestionRendererComponent.

    src/app/applicant/question-renderer.component.ts:11:15:
[37m      11 │   templateUrl: [32m'./question-renderer.component.html'[37m,
         ╵                [32m~~~~~~~~~~~~~~~~~~~~~~~~~~~~~~~~~~~~[0m


[31m✘ [41;31m[[41;97mERROR[41;31m][0m [1mNG5002: Parser Error: Bindings cannot contain assignments at column 50 in [value && !(question.answerOptions || []).some(o => o.label === value) ? value : ''] in /Users/ciprianiuga/dev/sandbox/survey/src/app/applicant/question-renderer.component.html@37:19[0m [1m[35m[plugin angular-compiler][0m

    src/app/applicant/question-renderer.component.html:49:21:
[37m      49 │             [value]="[32mopt.label[37m"
         ╵                      [32m~~~~~~~~~[0m

  Error occurs in the template of component QuestionRendererComponent.

    src/app/applicant/question-renderer.component.ts:11:15:
[37m      11 │   templateUrl: [32m'./question-renderer.component.html'[37m,
         ╵                [32m~~~~~~~~~~~~~~~~~~~~~~~~~~~~~~~~~~~~[0m


[31m✘ [41;31m[[41;97mERROR[41;31m][0m [1mNG5002: Parser Error: Bindings cannot contain assignments at column 50 in [value && !(question.answerOptions || []).some(o => o.label === value) ? value : ''] in /Users/ciprianiuga/dev/sandbox/survey/src/app/applicant/question-renderer.component.html@37:19[0m [1m[35m[plugin angular-compiler][0m

    src/app/applicant/question-renderer.component.html:50:23:
[37m      50 │             [checked]="[32m(value || []).includes(opt.label)[37m"
         ╵                        [32m~~~~~~~~~~~~~~~~~~~~~~~~~~~~~~~~~[0m

  Error occurs in the template of component QuestionRendererComponent.

    src/app/applicant/question-renderer.component.ts:11:15:
[37m      11 │   templateUrl: [32m'./question-renderer.component.html'[37m,
         ╵                [32m~~~~~~~~~~~~~~~~~~~~~~~~~~~~~~~~~~~~[0m


[31m✘ [41;31m[[41;97mERROR[41;31m][0m [1mNG5002: Parser Error: Bindings cannot contain assignments at column 50 in [value && !(question.answerOptions || []).some(o => o.label === value) ? value : ''] in /Users/ciprianiuga/dev/sandbox/survey/src/app/applicant/question-renderer.component.html@37:19[0m [1m[35m[plugin angular-compiler][0m

    src/app/applicant/question-renderer.component.html:51:22:
[37m      51 │ ...(change)="[32monCheckboxToggle(opt.label, $any($event.target).check[37m...
         ╵              [32m~~~~~~~~~~~~~~~~~~~~~~~~~~~~~~~~~~~~~~~~~~~~~~~~~~~~~[0m

  Error occurs in the template of component QuestionRendererComponent.

    src/app/applicant/question-renderer.component.ts:11:15:
[37m      11 │   templateUrl: [32m'./question-renderer.component.html'[37m,
         ╵                [32m~~~~~~~~~~~~~~~~~~~~~~~~~~~~~~~~~~~~[0m


[31m✘ [41;31m[[41;97mERROR[41;31m][0m [1mNG5002: Parser Error: Bindings cannot contain assignments at column 50 in [value && !(question.answerOptions || []).some(o => o.label === value) ? value : ''] in /Users/ciprianiuga/dev/sandbox/survey/src/app/applicant/question-renderer.component.html@37:19[0m [1m[35m[plugin angular-compiler][0m

    src/app/applicant/question-renderer.component.html:52:10:
[37m      52 │           [32m{{ opt.label }}[37m
         ╵           [32m~~~~~~~~~~~~~~~[0m

  Error occurs in the template of component QuestionRendererComponent.

    src/app/applicant/question-renderer.component.ts:11:15:
[37m      11 │   templateUrl: [32m'./question-renderer.component.html'[37m,
         ╵                [32m~~~~~~~~~~~~~~~~~~~~~~~~~~~~~~~~~~~~[0m


[31m✘ [41;31m[[41;97mERROR[41;31m][0m [1mNG5002: Parser Error: Bindings cannot contain assignments at column 50 in [value && !(question.answerOptions || []).some(o => o.label === value) ? value : ''] in /Users/ciprianiuga/dev/sandbox/survey/src/app/applicant/question-renderer.component.html@37:19[0m [1m[35m[plugin angular-compiler][0m

    src/app/applicant/question-renderer.component.html:55:11:
[37m      55 │       @if ([32mquestion.allowManualEntry[37m) {
         ╵            [32m~~~~~~~~~~~~~~~~~~~~~~~~~[0m

  Error occurs in the template of component QuestionRendererComponent.

    src/app/applicant/question-renderer.component.ts:11:15:
[37m      11 │   templateUrl: [32m'./question-renderer.component.html'[37m,
         ╵                [32m~~~~~~~~~~~~~~~~~~~~~~~~~~~~~~~~~~~~[0m


[31m✘ [41;31m[[41;97mERROR[41;31m][0m [1mNG5002: Parser Error: Bindings cannot contain assignments at column 50 in [value && !(question.answerOptions || []).some(o => o.label === value) ? value : ''] in /Users/ciprianiuga/dev/sandbox/survey/src/app/applicant/question-renderer.component.html@37:19[0m [1m[35m[plugin angular-compiler][0m

    src/app/applicant/question-renderer.component.html:58:25:
[37m      58 │           [placeholder]="[32m'Other...'[37m"
         ╵                          [32m~~~~~~~~~~[0m

  Error occurs in the template of component QuestionRendererComponent.

    src/app/applicant/question-renderer.component.ts:11:15:
[37m      11 │   templateUrl: [32m'./question-renderer.component.html'[37m,
         ╵                [32m~~~~~~~~~~~~~~~~~~~~~~~~~~~~~~~~~~~~[0m


[31m✘ [41;31m[[41;97mERROR[41;31m][0m [1mNG5002: Parser Error: Bindings cannot contain assignments at column 50 in [value && !(question.answerOptions || []).some(o => o.label === value) ? value : ''] in /Users/ciprianiuga/dev/sandbox/survey/src/app/applicant/question-renderer.component.html@37:19[0m [1m[35m[plugin angular-compiler][0m

    src/app/applicant/question-renderer.component.html:59:19:
[37m      59 │           [value]="[32mmanualValue()[37m"
         ╵                    [32m~~~~~~~~~~~~~[0m

  Error occurs in the template of component QuestionRendererComponent.

    src/app/applicant/question-renderer.component.ts:11:15:
[37m      11 │   templateUrl: [32m'./question-renderer.component.html'[37m,
         ╵                [32m~~~~~~~~~~~~~~~~~~~~~~~~~~~~~~~~~~~~[0m


[31m✘ [41;31m[[41;97mERROR[41;31m][0m [1mNG5002: Parser Error: Bindings cannot contain assignments at column 50 in [value && !(question.answerOptions || []).some(o => o.label === value) ? value : ''] in /Users/ciprianiuga/dev/sandbox/survey/src/app/applicant/question-renderer.component.html@37:19[0m [1m[35m[plugin angular-compiler][0m

    src/app/applicant/question-renderer.component.html:60:19:
[37m      60 │           (input)="[32monManualEntryInput($event)[37m"
         ╵                    [32m~~~~~~~~~~~~~~~~~~~~~~~~~~[0m

  Error occurs in the template of component QuestionRendererComponent.

    src/app/applicant/question-renderer.component.ts:11:15:
[37m      11 │   templateUrl: [32m'./question-renderer.component.html'[37m,
         ╵                [32m~~~~~~~~~~~~~~~~~~~~~~~~~~~~~~~~~~~~[0m


[31m✘ [41;31m[[41;97mERROR[41;31m][0m [1mNG5002: Parser Error: Bindings cannot contain assignments at column 50 in [value && !(question.answerOptions || []).some(o => o.label === value) ? value : ''] in /Users/ciprianiuga/dev/sandbox/survey/src/app/applicant/question-renderer.component.html@37:19[0m [1m[35m[plugin angular-compiler][0m

    src/app/applicant/question-renderer.component.html:61:28:
[37m      61 │           [attr.minLength]="[32mquestion.manualEntryMinLength[37m"
         ╵                             [32m~~~~~~~~~~~~~~~~~~~~~~~~~~~~~[0m

  Error occurs in the template of component QuestionRendererComponent.

    src/app/applicant/question-renderer.component.ts:11:15:
[37m      11 │   templateUrl: [32m'./question-renderer.component.html'[37m,
         ╵                [32m~~~~~~~~~~~~~~~~~~~~~~~~~~~~~~~~~~~~[0m


[31m✘ [41;31m[[41;97mERROR[41;31m][0m [1mNG5002: Parser Error: Bindings cannot contain assignments at column 50 in [value && !(question.answerOptions || []).some(o => o.label === value) ? value : ''] in /Users/ciprianiuga/dev/sandbox/survey/src/app/applicant/question-renderer.component.html@37:19[0m [1m[35m[plugin angular-compiler][0m

    src/app/applicant/question-renderer.component.html:62:28:
[37m      62 │           [attr.maxLength]="[32mquestion.manualEntryMaxLength[37m" />
         ╵                             [32m~~~~~~~~~~~~~~~~~~~~~~~~~~~~~[0m

  Error occurs in the template of component QuestionRendererComponent.

    src/app/applicant/question-renderer.component.ts:11:15:
[37m      11 │   templateUrl: [32m'./question-renderer.component.html'[37m,
         ╵                [32m~~~~~~~~~~~~~~~~~~~~~~~~~~~~~~~~~~~~[0m


[31m✘ [41;31m[[41;97mERROR[41;31m][0m [1mNG5002: Parser Error: Bindings cannot contain assignments at column 50 in [value && !(question.answerOptions || []).some(o => o.label === value) ? value : ''] in /Users/ciprianiuga/dev/sandbox/survey/src/app/applicant/question-renderer.component.html@37:19[0m [1m[35m[plugin angular-compiler][0m

    src/app/applicant/question-renderer.component.html:65:11:
[37m      65 │     @case ([32m'date'[37m) {
         ╵            [32m~~~~~~[0m

  Error occurs in the template of component QuestionRendererComponent.

    src/app/applicant/question-renderer.component.ts:11:15:
[37m      11 │   templateUrl: [32m'./question-renderer.component.html'[37m,
         ╵                [32m~~~~~~~~~~~~~~~~~~~~~~~~~~~~~~~~~~~~[0m


[31m✘ [41;31m[[41;97mERROR[41;31m][0m [1mNG5002: Parser Error: Bindings cannot contain assignments at column 50 in [value && !(question.answerOptions || []).some(o => o.label === value) ? value : ''] in /Users/ciprianiuga/dev/sandbox/survey/src/app/applicant/question-renderer.component.html@37:19[0m [1m[35m[plugin angular-compiler][0m

    src/app/applicant/question-renderer.component.html:67:12:
[37m      67 │         id="[32m{{'q'+question.order}}[37m"
         ╵             [32m~~~~~~~~~~~~~~~~~~~~~~[0m

  Error occurs in the template of component QuestionRendererComponent.

    src/app/applicant/question-renderer.component.ts:11:15:
[37m      11 │   templateUrl: [32m'./question-renderer.component.html'[37m,
         ╵                [32m~~~~~~~~~~~~~~~~~~~~~~~~~~~~~~~~~~~~[0m


[31m✘ [41;31m[[41;97mERROR[41;31m][0m [1mNG5002: Parser Error: Bindings cannot contain assignments at column 50 in [value && !(question.answerOptions || []).some(o => o.label === value) ? value : ''] in /Users/ciprianiuga/dev/sandbox/survey/src/app/applicant/question-renderer.component.html@37:19[0m [1m[35m[plugin angular-compiler][0m

    src/app/applicant/question-renderer.component.html:69:20:
[37m      69 │         [required]="[32mquestion.isRequired[37m"
         ╵                     [32m~~~~~~~~~~~~~~~~~~~[0m

  Error occurs in the template of component QuestionRendererComponent.

    src/app/applicant/question-renderer.component.ts:11:15:
[37m      11 │   templateUrl: [32m'./question-renderer.component.html'[37m,
         ╵                [32m~~~~~~~~~~~~~~~~~~~~~~~~~~~~~~~~~~~~[0m


[31m✘ [41;31m[[41;97mERROR[41;31m][0m [1mNG5002: Parser Error: Bindings cannot contain assignments at column 50 in [value && !(question.answerOptions || []).some(o => o.label === value) ? value : ''] in /Users/ciprianiuga/dev/sandbox/survey/src/app/applicant/question-renderer.component.html@37:19[0m [1m[35m[plugin angular-compiler][0m

    src/app/applicant/question-renderer.component.html:70:17:
[37m      70 │         [value]="[32mvalue || ''[37m"
         ╵                  [32m~~~~~~~~~~~[0m

  Error occurs in the template of component QuestionRendererComponent.

    src/app/applicant/question-renderer.component.ts:11:15:
[37m      11 │   templateUrl: [32m'./question-renderer.component.html'[37m,
         ╵                [32m~~~~~~~~~~~~~~~~~~~~~~~~~~~~~~~~~~~~[0m


[31m✘ [41;31m[[41;97mERROR[41;31m][0m [1mNG5002: Parser Error: Bindings cannot contain assignments at column 50 in [value && !(question.answerOptions || []).some(o => o.label === value) ? value : ''] in /Users/ciprianiuga/dev/sandbox/survey/src/app/applicant/question-renderer.component.html@37:19[0m [1m[35m[plugin angular-compiler][0m

    src/app/applicant/question-renderer.component.html:71:20:
[37m      71 │         [attr.min]="[32mquestion.minDate[37m"
         ╵                     [32m~~~~~~~~~~~~~~~~[0m

  Error occurs in the template of component QuestionRendererComponent.

    src/app/applicant/question-renderer.component.ts:11:15:
[37m      11 │   templateUrl: [32m'./question-renderer.component.html'[37m,
         ╵                [32m~~~~~~~~~~~~~~~~~~~~~~~~~~~~~~~~~~~~[0m


[31m✘ [41;31m[[41;97mERROR[41;31m][0m [1mNG5002: Parser Error: Bindings cannot contain assignments at column 50 in [value && !(question.answerOptions || []).some(o => o.label === value) ? value : ''] in /Users/ciprianiuga/dev/sandbox/survey/src/app/applicant/question-renderer.component.html@37:19[0m [1m[35m[plugin angular-compiler][0m

    src/app/applicant/question-renderer.component.html:72:20:
[37m      72 │         [attr.max]="[32mquestion.maxDate[37m"
         ╵                     [32m~~~~~~~~~~~~~~~~[0m

  Error occurs in the template of component QuestionRendererComponent.

    src/app/applicant/question-renderer.component.ts:11:15:
[37m      11 │   templateUrl: [32m'./question-renderer.component.html'[37m,
         ╵                [32m~~~~~~~~~~~~~~~~~~~~~~~~~~~~~~~~~~~~[0m


[31m✘ [41;31m[[41;97mERROR[41;31m][0m [1mNG5002: Parser Error: Bindings cannot contain assignments at column 50 in [value && !(question.answerOptions || []).some(o => o.label === value) ? value : ''] in /Users/ciprianiuga/dev/sandbox/survey/src/app/applicant/question-renderer.component.html@37:19[0m [1m[35m[plugin angular-compiler][0m

    src/app/applicant/question-renderer.component.html:73:18:
[37m      73 │         (change)="[32monDateSelect($event)[37m" />
         ╵                   [32m~~~~~~~~~~~~~~~~~~~~[0m

  Error occurs in the template of component QuestionRendererComponent.

    src/app/applicant/question-renderer.component.ts:11:15:
[37m      11 │   templateUrl: [32m'./question-renderer.component.html'[37m,
         ╵                [32m~~~~~~~~~~~~~~~~~~~~~~~~~~~~~~~~~~~~[0m


[31m✘ [41;31m[[41;97mERROR[41;31m][0m [1mNG5002: Parser Error: Bindings cannot contain assignments at column 50 in [value && !(question.answerOptions || []).some(o => o.label === value) ? value : ''] in /Users/ciprianiuga/dev/sandbox/survey/src/app/applicant/question-renderer.component.html@37:19[0m [1m[35m[plugin angular-compiler][0m

    src/app/applicant/question-renderer.component.html:75:11:
[37m      75 │     @case ([32m'file_upload'[37m) {
         ╵            [32m~~~~~~~~~~~~~[0m

  Error occurs in the template of component QuestionRendererComponent.

    src/app/applicant/question-renderer.component.ts:11:15:
[37m      11 │   templateUrl: [32m'./question-renderer.component.html'[37m,
         ╵                [32m~~~~~~~~~~~~~~~~~~~~~~~~~~~~~~~~~~~~[0m


[31m✘ [41;31m[[41;97mERROR[41;31m][0m [1mNG5002: Parser Error: Bindings cannot contain assignments at column 50 in [value && !(question.answerOptions || []).some(o => o.label === value) ? value : ''] in /Users/ciprianiuga/dev/sandbox/survey/src/app/applicant/question-renderer.component.html@37:19[0m [1m[35m[plugin angular-compiler][0m

    src/app/applicant/question-renderer.component.html:77:12:
[37m      77 │         id="[32m{{'q'+question.order}}[37m"
         ╵             [32m~~~~~~~~~~~~~~~~~~~~~~[0m

  Error occurs in the template of component QuestionRendererComponent.

    src/app/applicant/question-renderer.component.ts:11:15:
[37m      11 │   templateUrl: [32m'./question-renderer.component.html'[37m,
         ╵                [32m~~~~~~~~~~~~~~~~~~~~~~~~~~~~~~~~~~~~[0m


[31m✘ [41;31m[[41;97mERROR[41;31m][0m [1mNG5002: Parser Error: Bindings cannot contain assignments at column 50 in [value && !(question.answerOptions || []).some(o => o.label === value) ? value : ''] in /Users/ciprianiuga/dev/sandbox/survey/src/app/applicant/question-renderer.component.html@37:19[0m [1m[35m[plugin angular-compiler][0m

    src/app/applicant/question-renderer.component.html:79:20:
[37m      79 │         [required]="[32mquestion.isRequired[37m"
         ╵                     [32m~~~~~~~~~~~~~~~~~~~[0m

  Error occurs in the template of component QuestionRendererComponent.

    src/app/applicant/question-renderer.component.ts:11:15:
[37m      11 │   templateUrl: [32m'./question-renderer.component.html'[37m,
         ╵                [32m~~~~~~~~~~~~~~~~~~~~~~~~~~~~~~~~~~~~[0m


[31m✘ [41;31m[[41;97mERROR[41;31m][0m [1mNG5002: Parser Error: Bindings cannot contain assignments at column 50 in [value && !(question.answerOptions || []).some(o => o.label === value) ? value : ''] in /Users/ciprianiuga/dev/sandbox/survey/src/app/applicant/question-renderer.component.html@37:19[0m [1m[35m[plugin angular-compiler][0m

    src/app/applicant/question-renderer.component.html:80:23:
[37m      80 │         [attr.accept]="[32m(question.acceptedFileTypes || []).join(',')[37m"
         ╵                        [32m~~~~~~~~~~~~~~~~~~~~~~~~~~~~~~~~~~~~~~~~~~~~[0m

  Error occurs in the template of component QuestionRendererComponent.

    src/app/applicant/question-renderer.component.ts:11:15:
[37m      11 │   templateUrl: [32m'./question-renderer.component.html'[37m,
         ╵                [32m~~~~~~~~~~~~~~~~~~~~~~~~~~~~~~~~~~~~[0m


[31m✘ [41;31m[[41;97mERROR[41;31m][0m [1mNG5002: Parser Error: Bindings cannot contain assignments at column 50 in [value && !(question.answerOptions || []).some(o => o.label === value) ? value : ''] in /Users/ciprianiuga/dev/sandbox/survey/src/app/applicant/question-renderer.component.html@37:19[0m [1m[35m[plugin angular-compiler][0m

    src/app/applicant/question-renderer.component.html:81:18:
[37m      81 │         (change)="[32monFileSelect($event)[37m" />
         ╵                   [32m~~~~~~~~~~~~~~~~~~~~[0m

  Error occurs in the template of component QuestionRendererComponent.

    src/app/applicant/question-renderer.component.ts:11:15:
[37m      11 │   templateUrl: [32m'./question-renderer.component.html'[37m,
         ╵                [32m~~~~~~~~~~~~~~~~~~~~~~~~~~~~~~~~~~~~[0m


[31m✘ [41;31m[[41;97mERROR[41;31m][0m [1mNG5002: Parser Error: Bindings cannot contain assignments at column 50 in [value && !(question.answerOptions || []).some(o => o.label === value) ? value : ''] in /Users/ciprianiuga/dev/sandbox/survey/src/app/applicant/question-renderer.component.html@37:19[0m [1m[35m[plugin angular-compiler][0m

    src/app/applicant/question-renderer.component.html:83:11:
[37m      83 │     @case ([32m'video_link'[37m) {
         ╵            [32m~~~~~~~~~~~~[0m

  Error occurs in the template of component QuestionRendererComponent.

    src/app/applicant/question-renderer.component.ts:11:15:
[37m      11 │   templateUrl: [32m'./question-renderer.component.html'[37m,
         ╵                [32m~~~~~~~~~~~~~~~~~~~~~~~~~~~~~~~~~~~~[0m


[31m✘ [41;31m[[41;97mERROR[41;31m][0m [1mNG5002: Parser Error: Bindings cannot contain assignments at column 50 in [value && !(question.answerOptions || []).some(o => o.label === value) ? value : ''] in /Users/ciprianiuga/dev/sandbox/survey/src/app/applicant/question-renderer.component.html@37:19[0m [1m[35m[plugin angular-compiler][0m

    src/app/applicant/question-renderer.component.html:85:12:
[37m      85 │         id="[32m{{'q'+question.order}}[37m"
         ╵             [32m~~~~~~~~~~~~~~~~~~~~~~[0m

  Error occurs in the template of component QuestionRendererComponent.

    src/app/applicant/question-renderer.component.ts:11:15:
[37m      11 │   templateUrl: [32m'./question-renderer.component.html'[37m,
         ╵                [32m~~~~~~~~~~~~~~~~~~~~~~~~~~~~~~~~~~~~[0m


[31m✘ [41;31m[[41;97mERROR[41;31m][0m [1mNG5002: Parser Error: Bindings cannot contain assignments at column 50 in [value && !(question.answerOptions || []).some(o => o.label === value) ? value : ''] in /Users/ciprianiuga/dev/sandbox/survey/src/app/applicant/question-renderer.component.html@37:19[0m [1m[35m[plugin angular-compiler][0m

    src/app/applicant/question-renderer.component.html:87:20:
[37m      87 │         [required]="[32mquestion.isRequired[37m"
         ╵                     [32m~~~~~~~~~~~~~~~~~~~[0m

  Error occurs in the template of component QuestionRendererComponent.

    src/app/applicant/question-renderer.component.ts:11:15:
[37m      11 │   templateUrl: [32m'./question-renderer.component.html'[37m,
         ╵                [32m~~~~~~~~~~~~~~~~~~~~~~~~~~~~~~~~~~~~[0m


[31m✘ [41;31m[[41;97mERROR[41;31m][0m [1mNG5002: Parser Error: Bindings cannot contain assignments at column 50 in [value && !(question.answerOptions || []).some(o => o.label === value) ? value : ''] in /Users/ciprianiuga/dev/sandbox/survey/src/app/applicant/question-renderer.component.html@37:19[0m [1m[35m[plugin angular-compiler][0m

    src/app/applicant/question-renderer.component.html:88:17:
[37m      88 │         [value]="[32mvalue || ''[37m"
         ╵                  [32m~~~~~~~~~~~[0m

  Error occurs in the template of component QuestionRendererComponent.

    src/app/applicant/question-renderer.component.ts:11:15:
[37m      11 │   templateUrl: [32m'./question-renderer.component.html'[37m,
         ╵                [32m~~~~~~~~~~~~~~~~~~~~~~~~~~~~~~~~~~~~[0m


[31m✘ [41;31m[[41;97mERROR[41;31m][0m [1mNG5002: Parser Error: Bindings cannot contain assignments at column 50 in [value && !(question.answerOptions || []).some(o => o.label === value) ? value : ''] in /Users/ciprianiuga/dev/sandbox/survey/src/app/applicant/question-renderer.component.html@37:19[0m [1m[35m[plugin angular-compiler][0m

    src/app/applicant/question-renderer.component.html:89:17:
[37m      89 │         (input)="[32monTextInput($event)[37m" />
         ╵                  [32m~~~~~~~~~~~~~~~~~~~[0m

  Error occurs in the template of component QuestionRendererComponent.

    src/app/applicant/question-renderer.component.ts:11:15:
[37m      11 │   templateUrl: [32m'./question-renderer.component.html'[37m,
         ╵                [32m~~~~~~~~~~~~~~~~~~~~~~~~~~~~~~~~~~~~[0m


[31m✘ [41;31m[[41;97mERROR[41;31m][0m [1mNG1: Property 'answersSignal' is private and only accessible within class 'QuestionnaireViewerComponent'.[0m [1m[35m[plugin angular-compiler][0m

    src/app/applicant/questionnaire-viewer.component.html:6:17:
[37m      6 │         [value]="[32manswersSignal[37m()[question.order]"
        ╵                  [32m~~~~~~~~~~~~~[0m

  Error occurs in the template of component QuestionnaireViewerComponent.

    src/app/applicant/questionnaire-viewer.component.ts:11:15:
[37m      11 │   templateUrl: [32m'./questionnaire-viewer.component.html'[37m,
         ╵                [32m~~~~~~~~~~~~~~~~~~~~~~~~~~~~~~~~~~~~~~~[0m

[39m[22m
